============================== KEYS: /home/user1/ethical_hacking/midterm/elfs/bare-metal-takehome.elf ==============================

gho_8oN6PENOTQx4y00M5ow86V4PaeG8l2zvGk8z
ghp_qhfNsKzF6bnfrLDnwoFoXT1edGpUVsZb0RFu
AWS_ACCESS_KEY_ID=AROA8OSUGYZIZ7LGP7BX\nAWS_SECRET_ACCESS_KEY=I3QjGERpxISUFXF9x2ZJ=KrF=tCvvZJl+u3dTVi1\n
-----BEGIN PRIVATE KEY-----
MIIEvAIBADANBgkqhkiG9w0BAQEFAASCBKYwggSiAgEAAoIBAQCiWlYqOGr9KnIN
BsKfmHYO456Gw6BkyYGpSyg+dTiqgmz4FbB+XkmwKcMgXidArpOEr3wDuJJN2n0p
8UCxMdrk1aEtRQ/5+/ai6uaZEsTVgTcoh9yUl5Xr6JGQxGukX4J+3enN0xQ1NHUs
+D+QFZk9vLF46/U9syouenn2ykr3FsyVuPy5NOxHzgYgiDB3WZ7SI2m++ia6c3Q2
e8dTAutEIGG74bY8HLyV1HErRnWxqSwe5sYxSxZ3yhUEDSqVE9cRJgwDS0XDxVQ6
KbYsfBPAFF1ltU7hwTEroJuGC5yiG45x7z1PiNL8W+Ulbt5dsTWj22hNFB0SpaMU
Al35tuQRAgMBAAECggEALD8cfpMzrV2VCbHO9vnxKuuj96x3GSDF4qKmDCecUvQK
yK34lOgTgxxOnpKqdfleIOpGjSkPToJ+XCDw9ZnVw0npjFHnIcUmmY4VXKB93oZB
xx0H48NQS6PtkBvIDlstUHAgWUTum/V4/dGGWTlZszaq037TLoaWt2YPuU+2kJJJ
/UqGck0GEXJ4fm/2IUNlw94Ruy5Sh6Kpr09OJrr6vjTF6kEvsbhGRi+Sm2e3QAgk
6Y6rpdOmd3I214gUF79WcmZQf1z/tDn4KhztCEoLq99wgmuR6w6bkm1XXTkl37i8
yuVwM4s8iNOycAK/WW/00BYCrTyJO4AnonfDXkMKhQKBgQDNMkxz5qgGMtSOcuEb
s+AeqClUKAVc2jLz6GobcM0cVHAaltJpYn2LMA9wTmbf3nuxVienpjS3o8ou9OF9
b67h1MMCGCT85dZOjU2ciTFG2GfZf/gE/SNZI0/efKHDD1LMNAXSt6JRvYMuxr4/
ZWNL3CSn8Mfc2EVXQxHlZhYhQwKBgQDKjIml+mOdXUa5Ak+DZWLIVzbC4p5sMlzG
ggakjxsryDyuabaCMtDingdEcVfi4dlRTxvzWeSAhf18kp5qqIFvRR54uxk59R1a
1xVM+alBO2QK5qt/JSZtbIDtu10MmbLAGN9Lw3dWdftdlOxIoDlp32igS1bHYwTK
/1f0+Ln2GwKBgB/0e095ViVQ+SUN4tyLkJV1nqoKaXtiR5kQUqXfVTHaPHMHldDv
k5l/bIgSzZaDcUPWpOpIyeDnUu8pF4yPPe7RUWUcGXaA3HTzMGj2PIRJ4zJN6XPt
b/nLs/5z7kUQN9axK077Zf3Qw4MfVDVPNr1zlQnKR3WvAG1sdncBBOU9AoGAOcQ5
Ibg2ntPSbsNk8AGDWcXd3VkKe6slYIwG3vndcvAptkh5/8oEXw1Y30FAInntI85f
F1lk3O7Z66RZP+wM9jINTbt2p1vr4lODRK/TgMIydxVwhdOPkRen8aVFFWnkW/r7
/DykFWmSpg7qEJB5r2NDEKxL9JOd81M9v6UMTE8CgYAbalNVfPhE82vk0EwBDw8z
w6AFUdQ9uRi8XOcaRcxC/vGOIWT7tgift3q67XEL505hyHuY45MXUTwv342Mn7h1
Z0KN9o53048GnWe/CD9akBjrprRFJWsEyKhgJPPPw2D6DzJx8R1tiqeBuACWWJuc
glTNI2/5VH20x2ADoqnUXQ==
-----END PRIVATE KEY-----
-----BEGIN RSA PRIVATE KEY-----

============================== PASSWORDS: /home/user1/ethical_hacking/midterm/elfs/bare-metal-takehome.elf ==============================

