============================== PASSWORDS: /home/user1/ethical_hacking/midterm/bins/_dcs-8000lh.bin.extracted ==============================

/home/user1/ethical_hacking/midterm/bins/_dcs-8000lh.bin.extracted/squashfs-root-0/etc/passwd
/home/user1/ethical_hacking/midterm/bins/_dcs-8000lh.bin.extracted/squashfs-root-0/usr/sbin/chpasswd
/home/user1/ethical_hacking/midterm/bins/_dcs-8000lh.bin.extracted/squashfs-root-0/usr/bin/passwd

============================== KEYS: /home/user1/ethical_hacking/midterm/bins/_dcs-8000lh.bin.extracted ==============================

/home/user1/ethical_hacking/midterm/bins/_dcs-8000lh.bin.extracted/squashfs-root/pub.crt
/home/user1/ethical_hacking/midterm/bins/_dcs-8000lh.bin.extracted/_1A0000.extracted/db/verify.key
/home/user1/ethical_hacking/midterm/bins/_dcs-8000lh.bin.extracted/squashfs-root-0/etc/ca-bundle.crt
/home/user1/ethical_hacking/midterm/bins/_dcs-8000lh.bin.extracted/squashfs-root-0/etc/db/verify.key
/home/user1/ethical_hacking/midterm/bins/_dcs-8000lh.bin.extracted/_160000.extracted/db/verify.key

ent="-----BEGIN PRIVATE KEY-----
MIIEvQIBADANBgkqhkiG9w0BAQEFAASCBKcwggSjAgEAAoIBAQC03Dn068+mvF3x
MPIqO/TjqpBphazNHWnDKP7sdtX7mr7RBWsVVPAqSjXl5FiuhIq9i/rjNvrwPL1e
2v3U3z7g07SkK4e2Y3c2LV++ThJPcqjopA53/UBTmVPUJ04mrEKB211XWSZ/4VEO
RMuO7/JPJ1OPYaMN8URBwBl7ON7oWoW3q5yP912Lgq/KkP7/KK9O4xso3BgyVwWd
CDAM75x+zNVhzXjFqmr3xGu+YwiGLqaN2kPPpl5S2zYdFlmV+bbz7Xmmic66cSTW
wKmzNnxPyKl1wfuiLyMyEAZ9w9U0lQXysrO9s80z68v9ik8pyTV61UEIIbanPk2E
zteWEz5zAgMBAAECggEBAKgMxXF1NzIHbwawYyOpKEfu8VaLVeAVB3PGgPB5DyVF
SS5w6WodzTaOU/xzq48lKsEq8wjyykI1PgSIWTjV4tgG/p9YrzZiv59Ak+kBI/Rc
ZuQbpDILyBylqIXFq9E1WGrOyLFj7ej/FFC8zaPYAn9X3EWrBFXtK24or8SWOFEO
U6qeO6Xycf4uu8z+zWdEQpm97bqASvj2kbbKYaXTJMvaxbpnPxIFkfxsu9kCQP5H
UxOjXZAcD7+Trmp4WhPVFUQP+QPUI6ihXBUKxdEwKQbWKIvEayYmuLfZF2HYg5Es
rDKO1PoSNhZV8i1d6z28ctxhPh5GEHf3U6A849MyILkCgYEA2psXs4StUN6lHxWp
Q+S17VuQInAOm1bTJ2I6dil2n08frauIFUEwaXN1nWiFllyn6zUmVKyLgf2d/fuN
dOPBIhT7KfNx32nvDMF4p+ex/+uNWsS1l0qqfujGt9bEzO0TiC+SMx8kH9byA+AE
4Fj4OVERd203zTWSGzDoCJaPGK8CgYEA08w6W0POjvp+Iq+fW6ou2PI1NKBgqpH7
PaZNeE5TUrljIjMqofy3KkHlF5YUfhhShoyVATh2bXwKNErKBeCSvCgAfJtqiU1e
JJ4d0zlFNP/7urVZZW2k5A7TsTBsjVcQTFKcs69tPe5H+jRDpIBt+Ixn8QpQSaoB
rFUm9wT5H30CgYAUQ4on5uWV+H1/6ycclwfSL8mll5OTDLJYFT/sEh3f2JrMI3li
1v8g10YQyE6RyJb8M5oRAUmRTCwoDfhn3HDbsuwxUFK+7ffty8VecxjJ61DYGCHp
G0/Aod1Bz1PA1z0XQ6meuYVEuk0G1O4+yaCA16Xx1xr0F8IqaRcpLKOpGwKBgHba
b5ERjxOrPCdo2IuPB/UUjoj2yuhNPWkOLwEpKxcME7Z4ch8u+vaKve2redp8+aqp
r2Bc+BBegDdyFMaRjKZr6EIE0Rc1xHPWCzSiOdURJYlUBVOm4NZd/6u6WeBDEFFU
Nr2a3znWwquEssTYkV3eJOIeAIomDgRQUKpkLwzdAoGANgeyqPWYyZirigJVpzkw
Vkp1EaPOExIZ3bBNdXpCGPW3qKySnGTA5M9TOtRAxYC769XvFTZ1YQfTdlypT33G
uumEXaV+LNn9H3VK1U4MR1hP5yuWb0wzauPQhLWWrkH05bWElng9CuT8zmvd1HLf
V1c6clJiKhyWl3FYYquXxX4=
-----END PRIVATE KEY
ent="-----BEGIN PRIVATE KEY-----
MIIEvQIBADANBgkqhkiG9w0BAQEFAASCBKcwggSjAgEAAoIBAQC03Dn068+mvF3x
MPIqO/TjqpBphazNHWnDKP7sdtX7mr7RBWsVVPAqSjXl5FiuhIq9i/rjNvrwPL1e
2v3U3z7g07SkK4e2Y3c2LV++ThJPcqjopA53/UBTmVPUJ04mrEKB211XWSZ/4VEO
RMuO7/JPJ1OPYaMN8URBwBl7ON7oWoW3q5yP912Lgq/KkP7/KK9O4xso3BgyVwWd
CDAM75x+zNVhzXjFqmr3xGu+YwiGLqaN2kPPpl5S2zYdFlmV+bbz7Xmmic66cSTW
wKmzNnxPyKl1wfuiLyMyEAZ9w9U0lQXysrO9s80z68v9ik8pyTV61UEIIbanPk2E
zteWEz5zAgMBAAECggEBAKgMxXF1NzIHbwawYyOpKEfu8VaLVeAVB3PGgPB5DyVF
SS5w6WodzTaOU/xzq48lKsEq8wjyykI1PgSIWTjV4tgG/p9YrzZiv59Ak+kBI/Rc
ZuQbpDILyBylqIXFq9E1WGrOyLFj7ej/FFC8zaPYAn9X3EWrBFXtK24or8SWOFEO
U6qeO6Xycf4uu8z+zWdEQpm97bqASvj2kbbKYaXTJMvaxbpnPxIFkfxsu9kCQP5H
UxOjXZAcD7+Trmp4WhPVFUQP+QPUI6ihXBUKxdEwKQbWKIvEayYmuLfZF2HYg5Es
rDKO1PoSNhZV8i1d6z28ctxhPh5GEHf3U6A849MyILkCgYEA2psXs4StUN6lHxWp
Q+S17VuQInAOm1bTJ2I6dil2n08frauIFUEwaXN1nWiFllyn6zUmVKyLgf2d/fuN
dOPBIhT7KfNx32nvDMF4p+ex/+uNWsS1l0qqfujGt9bEzO0TiC+SMx8kH9byA+AE
4Fj4OVERd203zTWSGzDoCJaPGK8CgYEA08w6W0POjvp+Iq+fW6ou2PI1NKBgqpH7
PaZNeE5TUrljIjMqofy3KkHlF5YUfhhShoyVATh2bXwKNErKBeCSvCgAfJtqiU1e
JJ4d0zlFNP/7urVZZW2k5A7TsTBsjVcQTFKcs69tPe5H+jRDpIBt+Ixn8QpQSaoB
rFUm9wT5H30CgYAUQ4on5uWV+H1/6ycclwfSL8mll5OTDLJYFT/sEh3f2JrMI3li
1v8g10YQyE6RyJb8M5oRAUmRTCwoDfhn3HDbsuwxUFK+7ffty8VecxjJ61DYGCHp
G0/Aod1Bz1PA1z0XQ6meuYVEuk0G1O4+yaCA16Xx1xr0F8IqaRcpLKOpGwKBgHba
b5ERjxOrPCdo2IuPB/UUjoj2yuhNPWkOLwEpKxcME7Z4ch8u+vaKve2redp8+aqp
r2Bc+BBegDdyFMaRjKZr6EIE0Rc1xHPWCzSiOdURJYlUBVOm4NZd/6u6WeBDEFFU
Nr2a3znWwquEssTYkV3eJOIeAIomDgRQUKpkLwzdAoGANgeyqPWYyZirigJVpzkw
Vkp1EaPOExIZ3bBNdXpCGPW3qKySnGTA5M9TOtRAxYC769XvFTZ1YQfTdlypT33G
uumEXaV+LNn9H3VK1U4MR1hP5yuWb0wzauPQhLWWrkH05bWElng9CuT8zmvd1HLf
V1c6clJiKhyWl3FYYquXxX4=
-----END PRIVATE KEY
